SF:lib/components/RedActionButton.dart
DA:14,2
DA:24,0
DA:25,0
DA:36,1
DA:38,1
DA:39,2
DA:40,2
DA:41,1
DA:42,1
DA:43,1
DA:44,1
DA:45,2
DA:46,1
DA:47,1
DA:49,1
DA:50,2
DA:52,1
DA:53,1
DA:54,2
DA:56,1
DA:57,1
DA:58,1
DA:59,2
DA:60,1
DA:61,1
LF:25
LH:23
end_of_record
SF:lib/components/BackArrowTeal.dart
DA:8,29
DA:10,3
DA:12,3
DA:15,3
DA:18,3
DA:19,3
DA:20,3
DA:27,3
DA:31,3
DA:32,0
DA:33,0
DA:41,14
DA:45,0
DA:47,0
DA:48,0
DA:51,0
DA:52,0
DA:54,0
DA:68,7
DA:70,0
DA:72,0
DA:73,0
DA:74,0
DA:76,0
DA:79,0
DA:80,0
DA:81,0
DA:82,0
DA:86,0
DA:128,0
DA:132,0
DA:134,0
DA:137,0
DA:142,0
LF:34
LH:11
end_of_record
SF:lib/components/ChatBotButton.dart
DA:4,14
DA:6,0
DA:8,0
DA:9,0
DA:12,0
DA:16,0
LF:6
LH:1
end_of_record
SF:lib/components/CustomInputFields.dart
DA:8,0
DA:10,0
DA:12,0
DA:13,0
DA:14,0
DA:17,0
DA:18,0
DA:20,0
DA:21,0
DA:22,0
DA:24,0
DA:25,0
DA:26,0
DA:27,0
DA:29,0
DA:30,0
DA:32,0
DA:35,0
DA:42,0
DA:43,0
DA:47,0
DA:48,0
DA:49,0
DA:50,0
DA:63,21
DA:69,0
DA:71,0
DA:72,0
DA:74,0
DA:76,0
DA:77,0
DA:78,0
DA:79,0
DA:80,0
DA:87,0
DA:88,0
DA:89,0
DA:90,0
DA:91,0
LF:39
LH:1
end_of_record
SF:lib/components/MedicalHistorySubItem.dart
DA:11,8
DA:17,0
DA:19,1
DA:21,1
DA:23,1
DA:24,1
DA:25,1
DA:33,1
DA:34,1
DA:41,3
LF:10
LH:9
end_of_record
SF:lib/components/YellowTextField.dart
DA:7,9
DA:11,1
DA:13,2
DA:15,2
DA:16,2
DA:17,2
DA:18,2
DA:19,2
DA:20,2
DA:21,2
DA:26,2
LF:11
LH:11
end_of_record
SF:lib/components/ResourceCarousel.dart
DA:5,0
DA:9,0
DA:11,0
DA:20,0
DA:22,0
DA:24,0
DA:27,0
DA:28,0
DA:32,0
DA:36,0
DA:37,0
DA:38,0
DA:39,0
DA:40,0
DA:41,0
DA:43,0
DA:45,0
DA:49,0
DA:50,0
DA:51,0
DA:61,0
DA:63,0
DA:66,0
DA:68,0
DA:71,0
DA:72,0
DA:73,0
DA:74,0
DA:76,0
DA:78,0
DA:79,0
DA:82,0
DA:83,0
DA:84,0
DA:85,0
DA:86,0
DA:87,0
DA:89,0
DA:90,0
DA:94,0
DA:99,0
DA:100,0
DA:101,0
DA:103,0
DA:107,0
DA:108,0
DA:109,0
DA:111,0
DA:118,0
DA:122,0
DA:123,0
DA:124,0
DA:127,0
DA:128,0
DA:130,0
DA:131,0
DA:132,0
DA:134,0
DA:136,0
DA:138,0
DA:142,0
DA:150,0
DA:152,0
DA:153,0
DA:154,0
DA:155,0
DA:157,0
LF:67
LH:0
end_of_record
SF:lib/components/StandaloneFunctions.dart
DA:3,1
DA:4,1
DA:8,1
DA:9,1
DA:10,0
DA:11,0
DA:13,1
DA:14,1
DA:15,0
LF:9
LH:6
end_of_record
SF:lib/components/StatusTray.dart
DA:11,4
DA:13,4
DA:15,12
DA:16,4
DA:18,4
DA:19,4
DA:20,4
DA:22,4
DA:24,4
DA:26,4
DA:29,4
DA:30,4
DA:32,4
DA:34,1
DA:35,2
DA:38,4
DA:39,4
DA:41,1
DA:42,1
DA:45,4
DA:46,4
DA:48,0
DA:49,0
DA:50,0
DA:53,4
DA:54,4
DA:57,4
DA:58,4
DA:60,1
DA:61,2
DA:64,4
DA:65,4
DA:67,4
DA:69,4
DA:70,4
DA:81,4
DA:93,4
DA:95,4
DA:96,4
DA:97,4
DA:98,4
DA:99,4
DA:100,8
DA:108,7
DA:110,1
DA:112,1
DA:115,1
DA:117,1
DA:119,1
DA:120,1
DA:121,1
DA:122,1
DA:124,1
DA:125,1
DA:127,1
DA:128,1
DA:129,1
DA:131,1
DA:132,1
DA:133,1
DA:139,1
DA:140,1
DA:141,1
DA:149,1
DA:152,1
DA:163,1
DA:165,1
DA:169,1
DA:170,1
DA:172,0
DA:187,1
DA:188,1
DA:189,1
DA:195,1
DA:196,1
DA:197,1
DA:205,1
DA:208,1
DA:219,1
DA:221,1
DA:224,1
DA:226,1
DA:228,0
DA:249,1
DA:253,1
DA:255,1
DA:260,1
DA:261,1
DA:262,1
DA:269,1
DA:271,1
DA:272,1
DA:289,1
DA:312,1
DA:314,1
DA:318,1
DA:320,1
DA:322,1
DA:324,1
DA:334,1
DA:335,1
DA:336,1
DA:337,1
DA:339,1
DA:341,1
DA:348,1
DA:350,1
DA:351,1
DA:353,1
DA:355,1
DA:357,1
DA:361,1
DA:363,1
DA:365,1
DA:367,1
DA:375,1
DA:381,1
DA:388,1
DA:389,0
DA:408,1
DA:409,1
DA:411,1
DA:412,1
DA:413,1
DA:415,1
DA:416,1
DA:417,1
DA:419,1
DA:426,1
DA:428,1
DA:438,1
DA:439,0
DA:442,1
DA:445,1
DA:447,1
DA:478,1
DA:480,1
DA:483,3
DA:484,1
DA:485,5
DA:486,2
DA:488,2
DA:489,1
DA:490,3
DA:491,3
DA:492,2
DA:493,1
DA:495,1
DA:497,1
DA:498,1
DA:499,1
DA:500,1
DA:506,1
DA:508,1
DA:509,1
DA:511,1
DA:513,4
DA:516,1
DA:517,1
DA:519,4
DA:522,1
DA:523,5
DA:524,1
DA:532,0
DA:534,0
DA:535,0
DA:536,0
DA:537,0
DA:539,0
DA:541,0
DA:542,0
DA:543,0
DA:544,0
DA:546,0
DA:549,0
LF:175
LH:156
end_of_record
SF:lib/components/StepIndicator.dart
DA:20,3
DA:22,3
DA:26,3
DA:29,6
DA:30,3
DA:32,6
DA:34,3
DA:35,6
DA:36,9
DA:37,9
DA:38,3
DA:39,6
DA:40,9
DA:54,3
DA:57,3
DA:59,6
DA:60,3
DA:61,6
DA:62,3
DA:64,6
DA:65,3
DA:68,6
DA:86,0
DA:92,0
DA:94,0
DA:96,0
DA:97,0
DA:100,0
DA:103,0
DA:104,0
DA:105,0
DA:106,0
DA:107,0
DA:108,0
DA:109,0
DA:110,0
DA:111,0
DA:130,1
DA:136,1
DA:138,1
DA:139,1
DA:141,1
DA:142,1
DA:143,1
DA:145,1
DA:146,1
DA:156,0
DA:158,0
DA:160,0
DA:162,0
DA:165,0
DA:166,0
DA:176,0
DA:178,0
DA:180,0
DA:182,0
DA:183,0
DA:184,0
DA:187,0
DA:189,0
DA:190,0
DA:193,0
DA:195,0
DA:196,0
DA:199,0
DA:201,0
DA:202,0
DA:205,0
DA:207,0
DA:208,0
DA:211,0
DA:213,0
DA:214,0
DA:217,0
DA:219,0
DA:220,0
DA:223,0
DA:225,0
DA:226,0
DA:229,0
DA:231,0
DA:240,0
DA:242,0
DA:244,0
DA:246,0
DA:247,0
DA:248,0
DA:251,0
DA:252,0
DA:254,0
DA:257,0
DA:258,0
DA:260,0
DA:263,0
DA:264,0
DA:266,0
DA:269,0
DA:270,0
DA:272,0
DA:275,0
DA:276,0
DA:278,0
DA:281,0
DA:282,0
DA:284,0
DA:287,0
DA:288,0
DA:290,0
DA:293,0
DA:294,0
DA:306,0
DA:308,0
DA:310,0
DA:312,0
DA:313,0
DA:314,0
LF:116
LH:31
end_of_record
SF:lib/components/YellowBorderWhiteCard.dart
DA:9,8
DA:17,1
DA:19,1
DA:20,1
DA:21,1
DA:22,1
DA:23,1
DA:24,1
DA:26,1
DA:27,1
DA:28,1
DA:29,1
DA:30,1
DA:35,1
DA:38,1
DA:39,1
DA:41,1
LF:17
LH:17
end_of_record
SF:lib/components/YellowCard.dart
DA:7,0
DA:16,0
DA:17,0
DA:23,0
DA:24,0
DA:25,0
DA:29,0
DA:31,0
DA:34,0
DA:36,0
DA:38,0
DA:39,0
DA:40,0
DA:43,0
DA:44,0
DA:45,0
DA:46,0
DA:49,0
DA:52,0
DA:53,0
DA:55,0
DA:66,0
DA:71,0
DA:73,0
DA:75,0
DA:76,0
DA:77,0
DA:78,0
DA:79,0
DA:81,0
DA:83,0
DA:85,0
DA:86,0
DA:87,0
DA:88,0
DA:91,0
DA:95,0
DA:96,0
DA:97,0
DA:98,0
DA:100,0
DA:101,0
DA:102,0
DA:106,0
DA:107,0
DA:109,0
DA:110,0
DA:111,0
DA:127,0
DA:128,0
DA:130,0
DA:133,0
DA:134,0
DA:146,0
DA:148,0
DA:150,0
DA:157,0
DA:159,0
DA:160,0
DA:161,0
DA:162,0
DA:164,0
DA:166,0
DA:168,0
DA:169,0
DA:170,0
DA:171,0
DA:172,0
LF:68
LH:0
end_of_record
SF:lib/config.dart
DA:6,0
DA:13,0
DA:17,0
DA:18,0
DA:25,0
DA:34,0
DA:38,0
DA:39,0
DA:48,0
LF:9
LH:0
end_of_record
SF:lib/components/yarningCards/ClinicalDiagnosticYarningExpanded.dart
DA:9,0
DA:11,0
DA:13,0
DA:33,0
DA:34,0
DA:35,0
DA:39,0
DA:41,0
DA:43,0
DA:44,0
DA:46,0
DA:48,0
DA:55,0
DA:57,0
DA:64,0
DA:66,0
DA:68,0
DA:70,0
DA:72,0
DA:75,0
DA:76,0
DA:85,0
DA:87,0
DA:89,0
DA:91,0
DA:93,0
DA:95,0
DA:97,0
DA:99,0
DA:100,0
DA:101,0
DA:102,0
DA:108,0
DA:109,0
DA:110,0
DA:111,0
DA:118,0
DA:120,0
DA:121,0
DA:122,0
DA:123,0
DA:129,0
DA:139,0
DA:141,0
DA:143,0
DA:145,0
DA:158,0
DA:159,0
DA:160,0
DA:161,0
DA:162,0
DA:168,0
DA:169,0
DA:170,0
DA:171,0
DA:172,0
DA:178,0
DA:179,0
DA:180,0
DA:181,0
DA:187,0
DA:188,0
DA:189,0
DA:190,0
DA:196,0
DA:197,0
DA:198,0
DA:199,0
DA:200,0
DA:215,0
DA:218,0
DA:220,0
DA:221,0
DA:222,0
DA:223,0
DA:224,0
DA:230,0
DA:231,0
DA:232,0
DA:233,0
DA:234,0
DA:240,0
DA:241,0
DA:242,0
DA:243,0
DA:244,0
DA:267,0
DA:273,0
DA:275,0
DA:277,0
DA:278,0
DA:279,0
DA:280,0
DA:282,0
DA:283,0
DA:285,0
DA:286,0
DA:287,0
DA:288,0
DA:289,0
DA:290,0
DA:291,0
DA:292,0
LF:103
LH:0
end_of_record
SF:lib/components/yarningCards/SocialYarningExpanded.dart
DA:6,7
DA:8,0
DA:10,0
DA:32,0
DA:33,0
DA:34,0
DA:38,0
DA:40,0
DA:42,0
DA:43,0
DA:44,0
DA:45,0
DA:58,0
DA:68,0
DA:88,0
DA:89,0
DA:90,0
DA:91,0
DA:98,0
DA:99,0
DA:100,0
DA:111,0
DA:112,0
DA:137,0
DA:146,0
DA:148,0
DA:149,0
DA:152,0
DA:160,0
DA:168,0
DA:170,0
DA:171,0
DA:179,0
DA:181,0
DA:183,0
DA:184,0
DA:185,0
DA:186,0
DA:189,0
DA:192,0
DA:193,0
DA:194,0
DA:195,0
DA:198,0
DA:205,0
DA:206,0
DA:208,0
DA:217,0
DA:218,0
DA:219,0
DA:220,0
DA:231,0
DA:232,0
DA:245,0
LF:54
LH:1
end_of_record
SF:lib/guidedConsultationBodies/GuidedConsultationBody.dart
DA:14,2
DA:16,0
DA:18,0
DA:19,0
DA:21,0
DA:22,0
DA:26,0
DA:28,0
DA:30,0
DA:31,0
DA:32,0
DA:33,0
DA:42,0
DA:44,0
DA:47,0
DA:52,0
DA:53,0
DA:57,0
DA:58,0
DA:60,0
DA:63,0
DA:65,0
DA:70,0
DA:82,0
DA:85,0
DA:86,0
DA:87,0
DA:88,0
DA:90,0
DA:93,0
DA:94,0
LF:31
LH:1
end_of_record
SF:lib/guidedConsultationBodies/ScreeningTools.dart
DA:5,0
DA:7,0
LF:2
LH:0
end_of_record
SF:lib/main.dart
DA:8,0
DA:9,0
DA:13,7
DA:14,0
DA:16,0
DA:17,0
DA:18,0
DA:19,0
DA:22,0
DA:24,0
DA:27,0
DA:31,0
DA:32,0
LF:13
LH:1
end_of_record
SF:lib/pages/PatientProfile.dart
DA:8,0
DA:9,0
DA:12,0
DA:15,0
DA:33,0
DA:42,0
DA:44,0
DA:46,0
DA:47,0
DA:52,7
DA:56,0
DA:96,7
DA:102,0
DA:104,0
DA:106,0
DA:107,0
DA:108,0
DA:110,0
DA:111,0
DA:113,0
DA:116,0
DA:119,0
DA:127,7
DA:131,0
DA:133,0
DA:135,0
DA:137,0
DA:148,0
DA:149,0
DA:151,0
DA:159,0
DA:160,0
DA:167,0
DA:168,0
DA:169,0
DA:173,0
DA:175,0
DA:178,0
DA:181,0
DA:183,0
DA:185,0
DA:187,0
DA:188,0
DA:189,0
DA:190,0
DA:191,0
DA:193,0
DA:194,0
DA:195,0
DA:196,0
DA:198,0
DA:199,0
DA:200,0
DA:201,0
DA:203,0
DA:204,0
DA:205,0
DA:206,0
DA:212,0
DA:213,0
DA:217,0
DA:224,0
DA:225,0
DA:226,0
DA:231,0
DA:239,0
DA:240,0
DA:241,0
DA:242,0
DA:243,0
DA:244,0
DA:245,0
DA:246,0
DA:249,0
DA:253,0
DA:254,0
DA:256,0
DA:257,0
DA:258,0
DA:261,0
DA:263,0
DA:265,0
DA:266,0
DA:268,0
DA:270,0
DA:273,0
DA:274,0
DA:281,0
DA:282,0
DA:283,0
DA:285,0
DA:286,0
DA:287,0
DA:288,0
DA:289,0
DA:291,0
DA:292,0
DA:293,0
DA:295,0
DA:296,0
DA:297,0
DA:299,0
DA:300,0
DA:301,0
DA:303,0
DA:304,0
DA:305,0
DA:331,0
DA:333,0
DA:334,0
DA:336,0
DA:338,0
DA:349,0
DA:351,0
DA:352,0
DA:354,0
DA:356,0
DA:359,0
DA:360,0
DA:368,0
DA:369,0
DA:370,0
DA:372,0
DA:373,0
DA:374,0
DA:375,0
DA:377,0
DA:378,0
DA:379,0
DA:381,0
DA:382,0
DA:383,0
DA:385,0
DA:386,0
DA:387,0
DA:389,0
DA:390,0
DA:391,0
DA:393,0
DA:394,0
DA:395,0
DA:397,0
DA:422,0
DA:426,0
DA:427,0
DA:429,0
DA:431,0
DA:446,0
DA:455,0
DA:457,0
DA:459,0
DA:461,0
DA:462,0
DA:463,0
DA:465,0
DA:470,0
DA:471,0
DA:472,0
DA:474,0
LF:159
LH:3
end_of_record
SF:lib/pages/AbstractConsultationPage.dart
DA:18,2
DA:23,2
DA:25,2
DA:26,2
DA:27,2
DA:31,2
DA:33,2
DA:34,2
DA:35,2
DA:37,4
DA:38,2
DA:39,4
DA:40,2
DA:41,2
DA:42,2
DA:45,2
DA:46,2
DA:47,2
DA:48,2
DA:49,4
DA:50,0
DA:52,0
DA:54,0
DA:56,2
DA:57,2
DA:58,2
DA:72,2
DA:74,2
DA:75,2
DA:77,2
DA:82,2
DA:101,2
DA:103,6
LF:33
LH:30
end_of_record
SF:lib/pages/yarning/GuidedConsultation.dart
DA:7,7
DA:9,0
DA:10,0
DA:14,0
DA:16,0
DA:18,0
DA:26,2
DA:27,2
DA:30,2
DA:32,4
DA:34,2
DA:37,2
DA:40,2
DA:43,2
DA:46,2
DA:49,0
DA:50,0
DA:51,0
DA:54,0
DA:55,0
DA:56,0
DA:59,0
DA:60,0
DA:61,0
DA:64,0
DA:65,0
LF:26
LH:10
end_of_record
SF:lib/pages/yarning/SignIn.dart
DA:9,7
DA:13,0
DA:15,0
DA:16,0
DA:18,0
DA:19,0
DA:22,0
DA:24,0
DA:52,0
DA:56,0
DA:57,0
DA:59,0
DA:60,0
LF:13
LH:1
end_of_record
SF:lib/pages/yarning/MentalHealthCheck.dart
DA:14,7
DA:18,0
DA:20,0
DA:21,0
DA:23,0
DA:25,0
DA:28,0
DA:29,0
DA:31,0
DA:34,0
DA:37,0
DA:39,0
DA:41,0
DA:43,0
DA:49,0
DA:51,0
DA:53,0
DA:78,0
DA:80,0
DA:85,0
DA:86,0
DA:88,0
DA:103,7
DA:105,0
DA:106,0
DA:112,0
DA:114,0
DA:115,0
DA:118,0
DA:120,0
DA:123,0
DA:125,0
DA:126,0
DA:127,0
DA:129,0
DA:132,0
DA:133,0
DA:134,0
DA:136,0
DA:137,0
DA:140,0
DA:143,0
DA:144,0
DA:150,0
DA:151,0
DA:153,0
DA:154,0
DA:157,0
DA:160,0
DA:161,0
DA:165,0
DA:166,0
DA:168,0
DA:169,0
DA:172,0
DA:175,0
DA:176,0
DA:180,0
DA:181,0
DA:183,0
DA:184,0
DA:187,0
DA:190,0
DA:191,0
DA:195,0
DA:196,0
DA:198,0
DA:199,0
DA:202,0
DA:205,0
DA:206,0
DA:218,0
DA:220,0
DA:222,0
DA:224,0
DA:225,0
DA:226,0
DA:230,0
DA:231,0
DA:232,0
DA:234,0
DA:237,0
DA:246,0
DA:257,0
LF:84
LH:2
end_of_record
SF:lib/pages/yarning/HomeScreen.dart
DA:7,7
DA:11,0
DA:13,0
DA:14,0
DA:16,0
DA:18,0
DA:21,0
DA:23,0
DA:29,0
DA:31,0
DA:32,0
DA:34,0
DA:35,0
DA:43,0
DA:45,0
DA:51,0
DA:53,0
DA:54,0
DA:56,0
DA:57,0
DA:65,0
DA:67,0
DA:73,0
DA:75,0
DA:76,0
DA:78,0
DA:79,0
LF:27
LH:1
end_of_record
SF:lib/pages/yarning/NewPatient.dart
DA:10,0
DA:11,0
DA:13,0
DA:14,0
DA:17,0
DA:19,0
DA:21,0
DA:46,0
DA:48,0
DA:50,0
DA:51,0
DA:52,0
DA:61,0
DA:63,0
DA:65,0
DA:66,0
DA:67,0
DA:71,0
DA:72,0
DA:76,0
DA:102,0
DA:104,0
DA:105,0
DA:106,0
DA:107,0
DA:109,0
DA:110,0
DA:111,0
DA:115,0
DA:116,0
DA:121,0
DA:122,0
DA:124,0
DA:125,0
DA:139,7
DA:141,0
DA:143,0
DA:144,0
LF:38
LH:1
end_of_record
SF:lib/pages/yarning/MyHealthRecordPage1.dart
DA:10,7
DA:14,0
DA:16,0
DA:17,0
DA:18,0
DA:25,0
DA:26,0
DA:41,0
DA:43,0
DA:44,0
DA:49,0
DA:50,0
DA:52,0
DA:53,0
DA:57,0
DA:62,0
DA:63,0
LF:17
LH:1
end_of_record
SF:lib/pages/yarning/MyHealthRecordPage2.dart
DA:10,7
DA:14,0
DA:16,0
DA:17,0
DA:18,0
DA:25,0
DA:26,0
DA:56,0
DA:58,0
DA:59,0
DA:64,0
DA:65,0
DA:67,0
DA:68,0
DA:72,0
DA:77,0
DA:78,0
LF:17
LH:1
end_of_record
SF:lib/pages/yarning/ExistingPatient.dart
DA:8,0
DA:9,0
DA:11,0
DA:12,0
DA:13,0
DA:16,0
DA:18,0
DA:20,0
DA:44,0
DA:46,0
DA:48,0
DA:49,0
DA:50,0
DA:59,0
DA:61,0
DA:63,0
DA:64,0
DA:65,0
DA:69,0
DA:70,0
DA:74,0
DA:100,0
DA:102,0
DA:103,0
DA:104,0
DA:105,0
DA:108,0
DA:109,0
DA:113,0
DA:114,0
DA:120,0
DA:121,0
DA:123,0
DA:124,0
DA:138,7
DA:140,0
DA:142,0
DA:143,0
LF:38
LH:1
end_of_record
SF:lib/pages/yarning/PatientLookUp.dart
DA:7,4
DA:8,1
DA:10,1
DA:12,1
DA:13,1
DA:15,1
DA:16,1
DA:20,1
DA:29,1
DA:30,1
DA:31,1
DA:32,1
DA:33,1
DA:36,1
DA:37,1
DA:39,1
DA:40,1
DA:48,1
DA:50,2
DA:86,1
DA:87,1
DA:89,1
DA:90,1
DA:92,1
DA:94,1
DA:102,1
DA:103,1
DA:105,1
DA:108,1
DA:118,1
DA:119,1
DA:143,7
DA:145,0
DA:147,0
DA:148,0
LF:35
LH:32
end_of_record
