SF:lib/components/MedicalHistorySubItem.dart
DA:9,5
DA:14,0
DA:16,1
DA:18,1
DA:20,1
DA:21,1
DA:22,1
DA:23,1
DA:29,1
DA:30,1
DA:31,1
DA:32,1
DA:37,1
DA:38,2
LF:14
LH:13
end_of_record
SF:lib/components/BackArrowBlack.dart
DA:5,8
DA:9,0
DA:24,4
DA:28,0
DA:30,0
DA:33,0
DA:38,0
DA:52,12
DA:56,0
DA:58,0
DA:65,0
DA:66,0
DA:68,0
DA:71,0
DA:72,0
DA:73,0
DA:84,4
DA:86,0
DA:88,0
DA:89,0
DA:90,0
DA:92,0
DA:95,0
DA:96,0
DA:97,0
DA:98,0
DA:102,0
LF:27
LH:4
end_of_record
SF:lib/components/BackArrowTeal.dart
DA:7,4
DA:9,1
DA:11,1
DA:14,1
DA:17,1
DA:18,1
DA:19,1
DA:26,1
DA:29,1
DA:30,0
DA:31,0
LF:11
LH:9
end_of_record
SF:lib/components/CustomInputFields.dart
DA:7,0
DA:9,0
DA:11,0
DA:12,0
DA:13,0
DA:15,0
DA:16,0
DA:18,0
DA:19,0
DA:20,0
DA:22,0
DA:23,0
DA:24,0
DA:25,0
DA:27,0
DA:28,0
DA:30,0
DA:33,0
DA:36,0
DA:40,0
DA:41,0
DA:45,0
DA:46,0
DA:47,0
DA:48,0
DA:60,4
DA:62,0
DA:64,0
DA:65,0
DA:67,0
DA:68,0
DA:69,0
DA:70,0
DA:71,0
DA:74,0
DA:78,0
DA:79,0
DA:80,0
DA:81,0
DA:82,0
DA:83,0
LF:41
LH:1
end_of_record
SF:lib/components/YellowTextField.dart
DA:7,2
DA:11,1
DA:13,2
DA:15,2
DA:16,2
DA:17,2
DA:18,2
DA:19,2
DA:20,2
DA:21,2
DA:26,2
LF:11
LH:11
end_of_record
SF:lib/components/RedActionButton.dart
DA:5,0
DA:14,0
DA:15,0
DA:24,0
DA:26,0
DA:27,0
DA:28,0
DA:29,0
DA:31,0
DA:32,0
DA:33,0
DA:35,0
DA:36,0
DA:37,0
DA:38,0
DA:39,0
LF:16
LH:0
end_of_record
SF:lib/components/StatusTray.dart
DA:8,2
DA:10,2
DA:11,2
DA:12,2
DA:14,2
DA:16,2
DA:18,2
DA:21,2
DA:22,2
DA:23,2
DA:25,2
DA:26,2
DA:28,1
DA:29,2
DA:32,2
DA:33,2
DA:35,0
DA:36,0
DA:38,0
DA:39,0
DA:42,2
DA:43,2
DA:46,2
DA:47,2
DA:49,1
DA:50,2
DA:53,2
DA:54,2
DA:56,2
DA:58,2
DA:59,2
DA:70,2
DA:82,2
DA:84,2
DA:85,2
DA:86,2
DA:87,2
DA:88,2
DA:89,4
DA:96,1
DA:97,1
DA:101,1
DA:102,1
DA:103,0
DA:104,0
DA:106,1
DA:107,1
DA:108,0
DA:118,1
DA:120,1
DA:122,1
DA:125,1
DA:127,1
DA:129,1
DA:130,1
DA:131,1
DA:132,1
DA:134,1
DA:135,1
DA:137,1
DA:138,1
DA:139,1
DA:141,1
DA:142,1
DA:143,1
DA:146,1
DA:147,1
DA:148,1
DA:149,1
DA:150,1
DA:151,1
DA:152,1
DA:159,1
DA:162,1
DA:163,1
DA:166,1
DA:168,1
DA:174,1
DA:176,1
DA:178,1
DA:180,1
DA:181,1
DA:182,1
DA:183,0
DA:188,1
DA:197,1
DA:198,1
DA:199,1
DA:200,1
DA:201,1
DA:202,1
DA:205,1
DA:206,1
DA:207,1
DA:208,1
DA:215,1
DA:218,1
DA:219,1
DA:222,1
DA:224,1
DA:230,1
DA:232,1
DA:233,1
DA:235,1
DA:237,1
DA:238,1
DA:239,0
DA:244,1
DA:259,1
DA:263,1
DA:265,1
DA:267,1
DA:268,1
DA:269,1
DA:270,1
DA:271,1
DA:272,1
DA:273,1
DA:279,1
DA:281,1
DA:282,1
DA:284,1
DA:286,1
DA:294,1
DA:299,1
DA:301,1
DA:303,1
DA:322,1
DA:324,1
DA:325,1
DA:328,1
DA:329,1
DA:330,1
DA:332,1
DA:334,1
DA:335,1
DA:336,1
DA:338,1
DA:343,1
DA:344,1
DA:345,1
DA:346,1
DA:347,1
DA:349,1
DA:351,1
DA:357,1
DA:358,1
DA:360,1
DA:361,1
DA:363,1
DA:365,1
DA:367,1
DA:371,1
DA:373,1
DA:375,1
DA:376,1
DA:379,1
DA:382,1
DA:383,1
DA:384,1
DA:389,1
DA:390,1
DA:395,1
DA:396,1
DA:397,1
DA:398,0
DA:401,1
DA:402,1
DA:404,1
DA:417,1
DA:418,1
DA:420,1
DA:421,1
DA:422,1
DA:424,1
DA:425,1
DA:426,1
DA:428,1
DA:430,1
DA:435,1
DA:437,1
DA:439,1
DA:447,1
DA:448,0
DA:451,1
DA:452,1
DA:453,1
DA:454,1
DA:456,1
DA:459,1
DA:462,1
DA:463,1
DA:465,1
DA:467,1
DA:468,1
DA:476,1
LF:196
LH:185
end_of_record
SF:lib/pages/PatientProfile.dart
DA:6,0
DA:7,0
DA:9,0
DA:10,0
DA:27,0
DA:33,4
DA:35,0
DA:37,0
DA:38,0
DA:43,4
DA:47,0
DA:87,4
DA:93,0
DA:95,0
DA:97,0
DA:98,0
DA:99,0
DA:101,0
DA:102,0
DA:103,0
DA:105,0
DA:106,0
DA:114,4
DA:118,0
DA:120,0
DA:122,0
DA:124,0
DA:125,0
DA:127,0
DA:132,0
DA:133,0
DA:134,0
DA:135,0
DA:136,0
DA:137,0
DA:145,0
DA:146,0
DA:153,0
DA:155,0
DA:156,0
DA:159,0
DA:161,0
DA:162,0
DA:165,0
DA:167,0
DA:170,0
DA:171,0
DA:172,0
DA:173,0
DA:176,0
DA:177,0
DA:178,0
DA:179,0
DA:180,0
DA:183,0
DA:184,0
DA:185,0
DA:186,0
DA:187,0
DA:188,0
DA:189,0
DA:190,0
DA:201,0
DA:203,0
DA:205,0
DA:207,0
DA:208,0
DA:209,0
DA:210,0
DA:211,0
DA:212,0
DA:213,0
DA:215,0
DA:216,0
DA:217,0
DA:220,0
DA:222,0
DA:223,0
DA:224,0
DA:227,0
DA:229,0
DA:230,0
DA:231,0
DA:234,0
DA:236,0
DA:237,0
DA:238,0
DA:239,0
DA:242,0
DA:243,0
DA:244,0
DA:245,0
DA:246,0
DA:248,0
DA:249,0
DA:250,0
DA:251,0
DA:252,0
DA:253,0
LF:99
LH:4
end_of_record
SF:lib/components/StepIndicator.dart
DA:12,1
DA:18,1
DA:20,1
DA:22,1
DA:23,1
DA:24,1
DA:25,1
DA:26,1
DA:27,1
DA:28,1
DA:29,1
DA:30,3
DA:31,1
DA:34,1
DA:37,3
DA:39,1
DA:40,3
DA:41,2
DA:42,1
DA:57,1
DA:63,1
DA:65,1
DA:66,1
DA:67,1
DA:68,1
DA:69,1
DA:70,1
DA:71,1
DA:72,1
DA:73,1
DA:74,1
DA:75,1
DA:84,1
DA:86,1
DA:88,1
DA:90,1
DA:93,1
DA:94,1
DA:95,1
DA:96,1
DA:106,1
DA:108,1
DA:110,1
DA:112,2
DA:113,1
DA:114,1
DA:117,1
DA:119,3
DA:120,1
DA:123,1
DA:125,3
DA:126,1
DA:129,1
DA:131,3
DA:132,1
DA:135,1
DA:137,3
DA:138,1
DA:141,1
DA:143,3
DA:144,1
DA:147,1
DA:149,3
DA:150,1
DA:153,1
DA:155,3
DA:156,1
DA:159,1
DA:161,1
DA:170,1
DA:172,1
DA:174,1
DA:176,1
DA:177,1
DA:178,1
DA:179,1
DA:181,2
DA:182,2
DA:184,2
DA:185,1
DA:186,1
DA:188,2
DA:189,2
DA:191,2
DA:192,1
DA:193,1
DA:195,2
DA:196,2
DA:198,2
DA:199,1
DA:200,1
DA:202,2
DA:203,2
DA:205,2
DA:206,1
DA:207,1
DA:209,2
DA:210,2
DA:212,2
DA:213,1
DA:214,1
DA:216,2
DA:217,2
DA:219,2
DA:220,1
DA:221,1
DA:223,2
DA:224,2
DA:226,2
DA:227,1
DA:228,1
DA:230,2
DA:231,2
DA:240,1
DA:242,1
DA:244,1
DA:246,2
DA:247,2
DA:248,2
LF:119
LH:119
end_of_record
SF:lib/components/YellowBorderWhiteCard.dart
DA:9,4
DA:17,0
DA:19,0
DA:20,0
DA:21,0
DA:22,0
DA:23,0
DA:24,0
DA:26,0
DA:27,0
DA:28,0
DA:29,0
DA:30,0
DA:35,0
DA:38,0
DA:39,0
DA:41,0
LF:17
LH:1
end_of_record
SF:lib/components/YellowCard.dart
DA:9,0
DA:18,0
DA:19,0
DA:25,0
DA:26,0
DA:27,0
DA:31,0
DA:33,0
DA:36,0
DA:38,0
DA:40,0
DA:41,0
DA:42,0
DA:45,0
DA:46,0
DA:48,0
DA:49,0
DA:51,0
DA:60,4
DA:62,0
DA:76,4
DA:78,0
DA:91,0
DA:96,0
DA:98,0
DA:100,0
DA:101,0
DA:102,0
DA:103,0
DA:104,0
DA:106,0
DA:108,0
DA:110,0
DA:111,0
DA:112,0
DA:113,0
DA:116,0
DA:120,0
DA:121,0
DA:122,0
DA:123,0
DA:125,0
DA:126,0
DA:127,0
DA:131,0
DA:132,0
DA:134,0
DA:135,0
DA:136,0
DA:152,0
DA:153,0
DA:155,0
DA:158,0
DA:159,0
DA:171,0
DA:173,0
DA:175,0
DA:182,0
DA:184,0
DA:185,0
DA:186,0
DA:187,0
DA:189,0
DA:191,0
DA:193,0
DA:194,0
DA:195,0
DA:196,0
DA:197,0
LF:69
LH:2
end_of_record
SF:lib/main.dart
DA:7,0
DA:8,0
DA:12,4
DA:13,0
DA:15,0
DA:16,0
DA:17,0
DA:18,0
DA:21,0
DA:23,0
DA:26,0
LF:11
LH:1
end_of_record
SF:lib/config.dart
DA:6,0
DA:13,0
DA:17,0
DA:18,0
DA:25,0
DA:34,0
DA:38,0
DA:39,0
DA:48,0
LF:9
LH:0
end_of_record
SF:lib/components/ChatBotButton.dart
DA:4,0
DA:6,0
DA:7,0
DA:10,0
DA:14,0
LF:5
LH:0
end_of_record
SF:lib/guidedConsultationBodies/GuidedConsultationBody.dart
DA:11,1
DA:13,0
DA:15,0
DA:16,0
DA:18,0
DA:19,0
DA:23,0
DA:25,0
DA:27,0
DA:28,0
DA:29,0
DA:30,0
DA:39,0
DA:41,0
DA:44,0
DA:49,0
DA:50,0
DA:54,0
DA:55,0
DA:60,0
DA:62,0
DA:67,0
DA:78,0
DA:79,0
DA:82,0
DA:83,0
DA:84,0
DA:85,0
DA:87,0
DA:90,0
DA:91,0
LF:31
LH:1
end_of_record
SF:lib/guidedConsultationBodies/ScreeningTools.dart
DA:5,0
DA:7,0
LF:2
LH:0
end_of_record
SF:lib/pages/AbstractConsultationPage.dart
DA:15,1
DA:20,1
DA:22,1
DA:23,1
DA:24,1
DA:28,1
DA:30,1
DA:31,1
DA:32,1
DA:34,1
DA:35,1
DA:36,1
DA:37,2
DA:38,0
DA:40,0
DA:41,0
DA:43,1
DA:44,1
DA:45,1
DA:53,3
DA:58,1
DA:60,1
DA:61,1
DA:63,1
DA:68,1
DA:87,1
DA:89,3
LF:27
LH:24
end_of_record
SF:lib/pages/GuidedConsultation.dart
DA:12,4
DA:14,0
DA:15,0
DA:19,0
DA:21,0
DA:23,0
DA:31,1
DA:32,1
DA:35,1
DA:37,2
DA:39,1
DA:42,1
DA:45,1
DA:48,1
DA:51,1
DA:54,0
DA:55,0
DA:56,0
DA:59,0
DA:60,0
DA:61,0
DA:64,0
DA:65,0
DA:66,0
DA:69,0
DA:70,0
LF:26
LH:10
end_of_record
SF:lib/pages/MyHealthRecordPage1.dart
DA:9,4
DA:13,0
DA:15,0
DA:16,0
DA:17,0
DA:24,0
DA:25,0
DA:40,0
DA:42,0
DA:43,0
DA:46,0
DA:47,0
DA:49,0
DA:50,0
DA:54,0
DA:57,0
DA:58,0
LF:17
LH:1
end_of_record
SF:lib/pages/MyHealthRecordPage2.dart
DA:9,4
DA:13,0
DA:15,0
DA:16,0
DA:17,0
DA:24,0
DA:25,0
DA:51,0
DA:53,0
DA:54,0
DA:57,0
DA:58,0
DA:60,0
DA:61,0
DA:65,0
DA:68,0
DA:69,0
LF:17
LH:1
end_of_record
SF:lib/pages/Page2.dart
DA:9,0
DA:13,0
DA:15,0
DA:16,0
DA:17,0
DA:19,0
DA:20,0
DA:36,0
DA:38,0
DA:41,0
DA:42,0
DA:44,0
DA:57,4
DA:59,0
DA:61,0
DA:63,0
DA:64,0
DA:65,0
DA:69,0
DA:70,0
DA:71,0
DA:73,0
DA:76,0
DA:85,0
DA:96,0
LF:25
LH:1
end_of_record
SF:lib/pages/Page3.dart
DA:9,4
DA:13,0
DA:61,4
DA:70,0
DA:72,0
DA:73,0
DA:74,0
DA:75,0
DA:77,0
DA:80,0
DA:81,0
DA:84,0
DA:85,0
DA:86,0
DA:87,0
DA:88,0
DA:89,0
DA:90,0
LF:18
LH:2
end_of_record
SF:lib/pages/SignUp.dart
DA:13,0
DA:14,0
DA:16,0
DA:17,0
DA:19,0
DA:21,0
DA:23,0
DA:25,0
DA:35,0
DA:37,0
DA:39,0
DA:40,0
DA:42,0
DA:44,0
DA:45,0
DA:51,0
DA:53,0
DA:55,0
DA:56,0
DA:57,0
DA:61,0
DA:62,0
DA:67,0
DA:69,0
DA:79,0
DA:81,0
DA:82,0
DA:83,0
DA:84,0
DA:87,0
DA:88,0
DA:89,0
DA:93,0
DA:94,0
DA:95,0
DA:96,0
DA:97,0
DA:99,0
DA:100,0
DA:103,0
DA:105,0
DA:108,0
DA:111,0
DA:113,0
DA:116,0
DA:130,4
DA:132,0
DA:134,0
DA:135,0
LF:49
LH:1
end_of_record
SF:lib/pages/SignIn.dart
DA:11,0
DA:15,0
DA:17,0
DA:18,0
DA:20,0
DA:21,0
DA:24,0
DA:26,0
DA:60,0
DA:62,0
DA:63,0
DA:65,0
LF:12
LH:0
end_of_record
